library/build/outputs/logs/manifest-merger-debug-report.txt
-- Merging decision tree log ---
manifest
ADDED from src\main\AndroidManifest.xml:17:1-20:12
INJECTED from src\main\AndroidManifest.xml:17:1-20:12
INJECTED from src\main\AndroidManifest.xml:17:1-20:12
	package
		ADDED from src\main\AndroidManifest.xml:18:5-43
		INJECTED from src\main\AndroidManifest.xml
		INJECTED from src\main\AndroidManifest.xml
	xmlns:android
		ADDED from src\main\AndroidManifest.xml:17:11-69